0 info it worked if it ends with ok
1 verbose cli [ '/usr/bin/nodejs',
1 verbose cli   '/home/ajeeb/npm-global/bin/npm',
1 verbose cli   'install',
1 verbose cli   'optional',
1 verbose cli   'notsup',
1 verbose cli   'enoent' ]
2 info using npm@3.7.3
3 info using node@v4.4.3
4 silly loadCurrentTree Starting
5 silly install loadCurrentTree
6 silly install readLocalPackageData
7 silly fetchPackageMetaData optional
8 silly fetchPackageMetaData notsup
9 silly fetchPackageMetaData enoent
10 silly fetchNamedPackageData optional
11 silly mapToRegistry name optional
12 silly mapToRegistry using default registry
13 silly mapToRegistry registry https://registry.npmjs.org/
14 silly mapToRegistry uri https://registry.npmjs.org/optional
15 silly fetchNamedPackageData notsup
16 silly mapToRegistry name notsup
17 silly mapToRegistry using default registry
18 silly mapToRegistry registry https://registry.npmjs.org/
19 silly mapToRegistry uri https://registry.npmjs.org/notsup
20 silly fetchNamedPackageData enoent
21 silly mapToRegistry name enoent
22 silly mapToRegistry using default registry
23 silly mapToRegistry registry https://registry.npmjs.org/
24 silly mapToRegistry uri https://registry.npmjs.org/enoent
25 verbose request uri https://registry.npmjs.org/notsup
26 verbose request no auth needed
27 info attempt registry request try #1 at 11:50:57 AM
28 verbose request id ab391e02e72d9624
29 http request GET https://registry.npmjs.org/notsup
30 verbose request uri https://registry.npmjs.org/enoent
31 verbose request no auth needed
32 info attempt registry request try #1 at 11:50:57 AM
33 http request GET https://registry.npmjs.org/enoent
34 verbose get https://registry.npmjs.org/optional not expired, no request
35 http 404 https://registry.npmjs.org/enoent
36 verbose headers { 'content-type': 'application/json',
36 verbose headers   'cache-control': 'max-age=0',
36 verbose headers   'content-length': '2',
36 verbose headers   'accept-ranges': 'bytes',
36 verbose headers   date: 'Fri, 22 Apr 2016 06:20:58 GMT',
36 verbose headers   via: '1.1 varnish',
36 verbose headers   age: '0',
36 verbose headers   connection: 'keep-alive',
36 verbose headers   'x-served-by': 'cache-sin6926-SIN',
36 verbose headers   'x-cache': 'MISS',
36 verbose headers   'x-cache-hits': '0',
36 verbose headers   'x-timer': 'S1461306057.844445,VS0,VE973',
36 verbose headers   vary: 'Accept-Encoding' }
37 silly get cb [ 404,
37 silly get   { 'content-type': 'application/json',
37 silly get     'cache-control': 'max-age=0',
37 silly get     'content-length': '2',
37 silly get     'accept-ranges': 'bytes',
37 silly get     date: 'Fri, 22 Apr 2016 06:20:58 GMT',
37 silly get     via: '1.1 varnish',
37 silly get     age: '0',
37 silly get     connection: 'keep-alive',
37 silly get     'x-served-by': 'cache-sin6926-SIN',
37 silly get     'x-cache': 'MISS',
37 silly get     'x-cache-hits': '0',
37 silly get     'x-timer': 'S1461306057.844445,VS0,VE973',
37 silly get     vary: 'Accept-Encoding' } ]
38 silly fetchPackageMetaData Error: Registry returned 404 for GET on https://registry.npmjs.org/enoent
38 silly fetchPackageMetaData     at makeError (/home/ajeeb/npm-global/lib/node_modules/npm/node_modules/npm-registry-client/lib/request.js:264:12)
38 silly fetchPackageMetaData     at CachingRegistryClient.<anonymous> (/home/ajeeb/npm-global/lib/node_modules/npm/node_modules/npm-registry-client/lib/request.js:242:14)
38 silly fetchPackageMetaData     at Request._callback (/home/ajeeb/npm-global/lib/node_modules/npm/node_modules/npm-registry-client/lib/request.js:172:14)
38 silly fetchPackageMetaData     at Request.self.callback (/home/ajeeb/npm-global/lib/node_modules/npm/node_modules/request/request.js:199:22)
38 silly fetchPackageMetaData     at emitTwo (events.js:87:13)
38 silly fetchPackageMetaData     at Request.emit (events.js:172:7)
38 silly fetchPackageMetaData     at Request.<anonymous> (/home/ajeeb/npm-global/lib/node_modules/npm/node_modules/request/request.js:1036:10)
38 silly fetchPackageMetaData     at emitOne (events.js:82:20)
38 silly fetchPackageMetaData     at Request.emit (events.js:169:7)
38 silly fetchPackageMetaData     at IncomingMessage.<anonymous> (/home/ajeeb/npm-global/lib/node_modules/npm/node_modules/request/request.js:963:12)
38 silly fetchPackageMetaData  error for enoent { [Error: Registry returned 404 for GET on https://registry.npmjs.org/enoent] pkgid: 'enoent', statusCode: 404, code: 'E404' }
39 http 404 https://registry.npmjs.org/notsup
40 verbose headers { 'content-type': 'application/json',
40 verbose headers   'cache-control': 'max-age=0',
40 verbose headers   'content-length': '2',
40 verbose headers   'accept-ranges': 'bytes',
40 verbose headers   date: 'Fri, 22 Apr 2016 06:20:58 GMT',
40 verbose headers   via: '1.1 varnish',
40 verbose headers   age: '0',
40 verbose headers   connection: 'keep-alive',
40 verbose headers   'x-served-by': 'cache-sin6925-SIN',
40 verbose headers   'x-cache': 'MISS',
40 verbose headers   'x-cache-hits': '0',
40 verbose headers   'x-timer': 'S1461306057.840743,VS0,VE989',
40 verbose headers   vary: 'Accept-Encoding' }
41 silly get cb [ 404,
41 silly get   { 'content-type': 'application/json',
41 silly get     'cache-control': 'max-age=0',
41 silly get     'content-length': '2',
41 silly get     'accept-ranges': 'bytes',
41 silly get     date: 'Fri, 22 Apr 2016 06:20:58 GMT',
41 silly get     via: '1.1 varnish',
41 silly get     age: '0',
41 silly get     connection: 'keep-alive',
41 silly get     'x-served-by': 'cache-sin6925-SIN',
41 silly get     'x-cache': 'MISS',
41 silly get     'x-cache-hits': '0',
41 silly get     'x-timer': 'S1461306057.840743,VS0,VE989',
41 silly get     vary: 'Accept-Encoding' } ]
42 silly fetchPackageMetaData Error: Registry returned 404 for GET on https://registry.npmjs.org/notsup
42 silly fetchPackageMetaData     at makeError (/home/ajeeb/npm-global/lib/node_modules/npm/node_modules/npm-registry-client/lib/request.js:264:12)
42 silly fetchPackageMetaData     at CachingRegistryClient.<anonymous> (/home/ajeeb/npm-global/lib/node_modules/npm/node_modules/npm-registry-client/lib/request.js:242:14)
42 silly fetchPackageMetaData     at Request._callback (/home/ajeeb/npm-global/lib/node_modules/npm/node_modules/npm-registry-client/lib/request.js:172:14)
42 silly fetchPackageMetaData     at Request.self.callback (/home/ajeeb/npm-global/lib/node_modules/npm/node_modules/request/request.js:199:22)
42 silly fetchPackageMetaData     at emitTwo (events.js:87:13)
42 silly fetchPackageMetaData     at Request.emit (events.js:172:7)
42 silly fetchPackageMetaData     at Request.<anonymous> (/home/ajeeb/npm-global/lib/node_modules/npm/node_modules/request/request.js:1036:10)
42 silly fetchPackageMetaData     at emitOne (events.js:82:20)
42 silly fetchPackageMetaData     at Request.emit (events.js:169:7)
42 silly fetchPackageMetaData     at IncomingMessage.<anonymous> (/home/ajeeb/npm-global/lib/node_modules/npm/node_modules/request/request.js:963:12)
42 silly fetchPackageMetaData  error for notsup { [Error: Registry returned 404 for GET on https://registry.npmjs.org/notsup] pkgid: 'notsup', statusCode: 404, code: 'E404' }
43 silly rollbackFailedOptional Starting
44 silly rollbackFailedOptional Finishing
45 silly runTopLevelLifecycles Starting
46 silly runTopLevelLifecycles Finishing
47 silly install printInstalled
48 verbose stack Error: Registry returned 404 for GET on https://registry.npmjs.org/enoent
48 verbose stack     at makeError (/home/ajeeb/npm-global/lib/node_modules/npm/node_modules/npm-registry-client/lib/request.js:264:12)
48 verbose stack     at CachingRegistryClient.<anonymous> (/home/ajeeb/npm-global/lib/node_modules/npm/node_modules/npm-registry-client/lib/request.js:242:14)
48 verbose stack     at Request._callback (/home/ajeeb/npm-global/lib/node_modules/npm/node_modules/npm-registry-client/lib/request.js:172:14)
48 verbose stack     at Request.self.callback (/home/ajeeb/npm-global/lib/node_modules/npm/node_modules/request/request.js:199:22)
48 verbose stack     at emitTwo (events.js:87:13)
48 verbose stack     at Request.emit (events.js:172:7)
48 verbose stack     at Request.<anonymous> (/home/ajeeb/npm-global/lib/node_modules/npm/node_modules/request/request.js:1036:10)
48 verbose stack     at emitOne (events.js:82:20)
48 verbose stack     at Request.emit (events.js:169:7)
48 verbose stack     at IncomingMessage.<anonymous> (/home/ajeeb/npm-global/lib/node_modules/npm/node_modules/request/request.js:963:12)
49 verbose statusCode 404
50 verbose pkgid enoent
51 verbose cwd /home/ajeeb/projects/kla
52 error Linux 3.19.0-32-generic
53 error argv "/usr/bin/nodejs" "/home/ajeeb/npm-global/bin/npm" "install" "optional" "notsup" "enoent"
54 error node v4.4.3
55 error npm  v3.7.3
56 error code E404
57 error 404 Registry returned 404 for GET on https://registry.npmjs.org/enoent
58 error 404
59 error 404 'enoent' is not in the npm registry.
60 error 404 You should bug the author to publish it (or use the name yourself!)
61 error 404 Note that you can also install from a
62 error 404 tarball, folder, http url, or git url.
63 verbose exit [ 1, true ]
